Printing Incoming Edges
Node: 1 ,Incoming Edges: 1
Node: 2 ,Incoming Edges: 1
Node: 3 ,Incoming Edges: 2
Node: 101 ,Incoming Edges: 2
Node: 0 ,Incoming Edges: 1
Node: 100 ,Incoming Edges: 0
Updating Arrival Time
currentNode: SOURCE Node Arrival Time: 0
Current Node id: 0
Node id: 0, Predecessor id: 100, Pred arrivalTime: 0, edge delay: 3, setting ArrTime:3
Node id: 0, Final Arrival Time: 3
Current Node id: 1
Node id: 1, Predecessor id: 100, Pred arrivalTime: 0, edge delay: 4, setting ArrTime:4
Node id: 1, Final Arrival Time: 4
Current Node id: 2
Node id: 2, Predecessor id: 0, Pred arrivalTime: 3, edge delay: 5, setting ArrTime:8
Node id: 2, Final Arrival Time: 8
Current Node id: 3
Node id: 3, Predecessor id: 0, Pred arrivalTime: 3, edge delay: 11, setting ArrTime:14
Node id: 3, Predecessor id: 1, Pred arrivalTime: 4, edge delay: 9, setting ArrTime:14
Node id: 3, Final Arrival Time: 14
Current Node id: 101
Node id: 101, Predecessor id: 2, Pred arrivalTime: 8, edge delay: 6, setting ArrTime:14
Node id: 101, Predecessor id: 3, Pred arrivalTime: 14, edge delay: 15, setting ArrTime:29
Node id: 101, Final Arrival Time: 29
Updating Required Time
currentNode: SINK Node id: 101, Required Time: 0
Current Node id: 3
Node id: 3, Successor id: 101, successor reqTime: 29, edgeDelay: 15, setting ReqTime:14
Node id: 3, Final Required Time: 14
Current Node id: 2
Node id: 2, Successor id: 101, successor reqTime: 29, edgeDelay: 6, setting ReqTime:23
Node id: 2, Final Required Time: 23
Current Node id: 1
Node id: 1, Successor id: 3, successor reqTime: 14, edgeDelay: 9, setting ReqTime:5
Node id: 1, Final Required Time: 5
Current Node id: 0
Node id: 0, Successor id: 2, successor reqTime: 23, edgeDelay: 5, setting ReqTime:18
Node id: 0, Successor id: 3, successor reqTime: 14, edgeDelay: 11, setting ReqTime:3
Node id: 0, Final Required Time: 3
Current Node id: 100
Node id: 100, Successor id: 0, successor reqTime: 3, edgeDelay: 3, setting ReqTime:0
Node id: 100, Successor id: 1, successor reqTime: 5, edgeDelay: 4, setting ReqTime:0
Node id: 100, Final Required Time: 0
getPathList :: CurrentPath endnode: 0, delay lookup start node: 100, delay lookup end node: 0

getPathList :: CurrentPath endnode: 1, delay lookup start node: 100, delay lookup end node: 1

getPathList :: CurrentPath endnode: 2, delay lookup start node: 0, delay lookup end node: 2

getPathList :: CurrentPath endnode: 3, delay lookup start node: 0, delay lookup end node: 3

getPathList :: CurrentPath endnode: 101, delay lookup start node: 3, delay lookup end node: 101

getPathList :: CurrentPath endnode: 3, delay lookup start node: 1, delay lookup end node: 3

getPathList :: CurrentPath endnode: 101, delay lookup start node: 3, delay lookup end node: 101

getPathList :: CurrentPath endnode: 101, delay lookup start node: 2, delay lookup end node: 101

Printing Circuit:
Node: 1 Fanout: 3 
Node: 2 Fanout: 101 
Node: 3 Fanout: 101 
Node: 101 Fanout: 
Node: 0 Fanout: 2 3 
Node: 100 Fanout: 0 1 
Printing Delay
Source: 0 Destination: 2 Delay: 5
Source: 0 Destination: 3 Delay: 11
Source: 1 Destination: 3 Delay: 9
Source: 2 Destination: 101 Delay: 6
Source: 3 Destination: 101 Delay: 15
Source: 100 Destination: 0 Delay: 3
Source: 100 Destination: 1 Delay: 4
Printing Successor
Node: 1 Successor: 3 
Node: 2 Successor: 101 
Node: 3 Successor: 101 
Node: 0 Successor: 2 3 
Node: 100 Successor: 0 1 
Printing Predecessor
Node: 1 Predecessor: 100 
Node: 2 Predecessor: 0 
Node: 3 Predecessor: 0 1 
Node: 101 Predecessor: 2 3 
Node: 0 Predecessor: 100 
Printing Topological Order
100 0 1 2 3 101 
Printing Timing Information
Node: 100, SOURCE
Arrival Time: 0
Required Time: 0
Slack: 0
--------------------------------
Node: 0, GATE
Arrival Time: 3
Required Time: 3
Slack: 0
--------------------------------
Node: 1, GATE
Arrival Time: 4
Required Time: 5
Slack: 1
--------------------------------
Node: 2, GATE
Arrival Time: 8
Required Time: 23
Slack: 15
--------------------------------
Node: 3, GATE
Arrival Time: 14
Required Time: 14
Slack: 0
--------------------------------
Node: 101, SINK
Arrival Time: 29
Required Time: 29
Slack: 0
--------------------------------
Printing Path List (decreasing order of delay)
Path: SRC 0 3 SNK
Delay: 29
--------------------------------
Path: SRC 1 3 SNK
Delay: 28
--------------------------------
Path: SRC 0 2 SNK
Delay: 14
--------------------------------
